Copyright 1986-2022 Xilinx, Inc. All Rights Reserved.
------------------------------------------------------------------------------------
| Tool Version : Vivado v.2022.2 (win64) Build 3671981 Fri Oct 14 05:00:03 MDT 2022
| Date         : Fri Dec 13 20:19:56 2024
| Host         : beeeebopppp running 64-bit major release  (build 9200)
| Command      : report_clock_utilization -file emu_clock_utilization_routed.rpt
| Design       : emu
| Device       : 7s50-csga324
| Speed File   : -1  PRODUCTION 1.23 2018-06-13
| Design State : Routed
------------------------------------------------------------------------------------

Clock Utilization Report

Table of Contents
-----------------
1. Clock Primitive Utilization
2. Global Clock Resources
3. Global Clock Source Details
4. Local Clock Details
5. Clock Regions: Key Resource Utilization
6. Clock Regions : Global Clock Summary
7. Device Cell Placement Summary for Global Clock g0
8. Device Cell Placement Summary for Global Clock g1
9. Device Cell Placement Summary for Global Clock g2
10. Device Cell Placement Summary for Global Clock g3
11. Device Cell Placement Summary for Global Clock g4
12. Device Cell Placement Summary for Global Clock g5
13. Clock Region Cell Placement per Global Clock: Region X0Y0
14. Clock Region Cell Placement per Global Clock: Region X1Y0
15. Clock Region Cell Placement per Global Clock: Region X0Y1
16. Clock Region Cell Placement per Global Clock: Region X1Y1

1. Clock Primitive Utilization
------------------------------

+----------+------+-----------+-----+--------------+--------+
| Type     | Used | Available | LOC | Clock Region | Pblock |
+----------+------+-----------+-----+--------------+--------+
| BUFGCTRL |    5 |        32 |   0 |            0 |      0 |
| BUFH     |    1 |        72 |   0 |            0 |      0 |
| BUFIO    |    0 |        20 |   0 |            0 |      0 |
| BUFMR    |    0 |        10 |   0 |            0 |      0 |
| BUFR     |    0 |        20 |   0 |            0 |      0 |
| MMCM     |    2 |         5 |   1 |            0 |      0 |
| PLL      |    1 |         5 |   1 |            0 |      0 |
+----------+------+-----------+-----+--------------+--------+


2. Global Clock Resources
-------------------------

+-----------+-----------+-----------------+------------+---------------+--------------+-------------------+-------------+-----------------+--------------+---------------------+-----------------------------------------------------------------------------+--------------------------------------------------------------------+
| Global Id | Source Id | Driver Type/Pin | Constraint | Site          | Clock Region | Load Clock Region | Clock Loads | Non-Clock Loads | Clock Period | Clock               | Driver Pin                                                                  | Net                                                                |
+-----------+-----------+-----------------+------------+---------------+--------------+-------------------+-------------+-----------------+--------------+---------------------+-----------------------------------------------------------------------------+--------------------------------------------------------------------+
| g0        | src0      | BUFG/O          | None       | BUFGCTRL_X0Y0 | n/a          |                 4 |        2788 |               0 |        6.000 | clk_pll_i           | u_mig_7series_0/u_mig_7series_0_mig/u_ddr3_infrastructure/u_bufg_clkdiv0/O  | u_mig_7series_0/u_mig_7series_0_mig/u_ddr3_infrastructure/CLK      |
| g1        | src1      | BUFG/O          | None       | BUFGCTRL_X0Y1 | n/a          |                 1 |          90 |               0 |       39.834 | VGA_clk_clk_wiz_0   | clocker/inst/clkout2_buf/O                                                  | clocker/inst/VGA_clk                                               |
| g2        | src2      | BUFG/O          | None       | BUFGCTRL_X0Y2 | n/a          |                 3 |          63 |               0 |       10.000 | clk_100             | CLK_100M_IBUF_BUFG_inst/O                                                   | CLK_100M_IBUF_BUFG                                                 |
| g3        | src3      | BUFG/O          | None       | BUFGCTRL_X0Y3 | n/a          |                 1 |           8 |               0 |        7.967 | VGAx5_clk_clk_wiz_0 | clocker/inst/clkout3_buf/O                                                  | clocker/inst/VGAx5_clk                                             |
| g4        | src4      | BUFG/O          | None       | BUFGCTRL_X0Y4 | n/a          |                 1 |           1 |               0 |       30.000 | clkfbout_clk_wiz_0  | clocker/inst/clkf_buf/O                                                     | clocker/inst/clkfbout_buf_clk_wiz_0                                |
| g5        | src5      | BUFH/O          | None       | BUFHCE_X1Y0   | X1Y0         |                 1 |           1 |               0 |        6.000 | pll_clk3_out        | u_mig_7series_0/u_mig_7series_0_mig/u_ddr3_infrastructure/u_bufh_pll_clk3/O | u_mig_7series_0/u_mig_7series_0_mig/u_ddr3_infrastructure/pll_clk3 |
+-----------+-----------+-----------------+------------+---------------+--------------+-------------------+-------------+-----------------+--------------+---------------------+-----------------------------------------------------------------------------+--------------------------------------------------------------------+
* Clock Loads column represents cell count of net connects that connect to a clock pin. Internal cell leaf pins are not considered
** Non-Clock Loads column represents cell count of non-clock pin loads


3. Global Clock Source Details
------------------------------

+-----------+-----------+---------------------+-----------------+-----------------+--------------+-------------+-----------------+---------------------+---------------------+------------------------------------------------------------------------------------+------------------------------------------------------------------------+
| Source Id | Global Id | Driver Type/Pin     | Constraint      | Site            | Clock Region | Clock Loads | Non-Clock Loads | Source Clock Period | Source Clock        | Driver Pin                                                                         | Net                                                                    |
+-----------+-----------+---------------------+-----------------+-----------------+--------------+-------------+-----------------+---------------------+---------------------+------------------------------------------------------------------------------------+------------------------------------------------------------------------+
| src0      | g0        | MMCME2_ADV/CLKFBOUT | MMCME2_ADV_X1Y0 | MMCME2_ADV_X1Y0 | X1Y0         |           1 |               0 |               6.000 | clk_pll_i           | u_mig_7series_0/u_mig_7series_0_mig/u_ddr3_infrastructure/gen_mmcm.mmcm_i/CLKFBOUT | u_mig_7series_0/u_mig_7series_0_mig/u_ddr3_infrastructure/clk_pll_i    |
| src1      | g1        | MMCME2_ADV/CLKOUT1  | None            | MMCME2_ADV_X0Y0 | X0Y0         |           1 |               0 |              39.834 | VGA_clk_clk_wiz_0   | clocker/inst/mmcm_adv_inst/CLKOUT1                                                 | clocker/inst/VGA_clk_clk_wiz_0                                         |
| src2      | g2        | IBUF/O              | IOB_X0Y26       | IOB_X0Y26       | X0Y0         |           1 |               0 |              10.000 | clk_100             | CLK_100M_IBUF_inst/O                                                               | CLK_100M_IBUF                                                          |
| src3      | g3        | MMCME2_ADV/CLKOUT2  | None            | MMCME2_ADV_X0Y0 | X0Y0         |           1 |               0 |               7.967 | VGAx5_clk_clk_wiz_0 | clocker/inst/mmcm_adv_inst/CLKOUT2                                                 | clocker/inst/VGAx5_clk_clk_wiz_0                                       |
| src4      | g4        | MMCME2_ADV/CLKFBOUT | None            | MMCME2_ADV_X0Y0 | X0Y0         |           1 |               0 |              30.000 | clkfbout_clk_wiz_0  | clocker/inst/mmcm_adv_inst/CLKFBOUT                                                | clocker/inst/clkfbout_clk_wiz_0                                        |
| src5      | g5        | PLLE2_ADV/CLKOUT3   | PLLE2_ADV_X1Y0  | PLLE2_ADV_X1Y0  | X1Y0         |           1 |               0 |               6.000 | pll_clk3_out        | u_mig_7series_0/u_mig_7series_0_mig/u_ddr3_infrastructure/plle2_i/CLKOUT3          | u_mig_7series_0/u_mig_7series_0_mig/u_ddr3_infrastructure/pll_clk3_out |
+-----------+-----------+---------------------+-----------------+-----------------+--------------+-------------+-----------------+---------------------+---------------------+------------------------------------------------------------------------------------+------------------------------------------------------------------------+
* Clock Loads column represents cell count of net connects that connect to a clock pin. Internal cell leaf pins are not considered
** Non-Clock Loads column represents cell count of non-clock pin loads


4. Local Clock Details
----------------------

+----------+----------------------------+---------------------+------------------------------------+--------------+-------------+-----------------+--------------+---------------+----------------------------------------------------------------------------------------------------------------------------------------------------------------------------------------------------------+-------------------------------------------------------------------------------------------------------------------------------------------------------------------------------------------------------+
| Local Id | Driver Type/Pin            | Constraint          | Site/BEL                           | Clock Region | Clock Loads | Non-Clock Loads | Clock Period | Clock         | Driver Pin                                                                                                                                                                                               | Net                                                                                                                                                                                                   |
+----------+----------------------------+---------------------+------------------------------------+--------------+-------------+-----------------+--------------+---------------+----------------------------------------------------------------------------------------------------------------------------------------------------------------------------------------------------------+-------------------------------------------------------------------------------------------------------------------------------------------------------------------------------------------------------+
| 0        | PLLE2_ADV/CLKOUT0          | PLLE2_ADV_X1Y0      | PLLE2_ADV_X1Y0/PLLE2_ADV           | X1Y0         |           5 |               2 |        1.500 | freq_refclk   | u_mig_7series_0/u_mig_7series_0_mig/u_ddr3_infrastructure/plle2_i/CLKOUT0                                                                                                                                | u_mig_7series_0/u_mig_7series_0_mig/u_ddr3_infrastructure/freq_refclk                                                                                                                                 |
| 1        | PHASER_OUT_PHY/OCLKDELAYED | PHASER_OUT_PHY_X1Y2 | PHASER_OUT_PHY_X1Y2/PHASER_OUT_PHY | X1Y0         |           2 |               0 |        3.000 | oserdes_clk_2 | u_mig_7series_0/u_mig_7series_0_mig/u_memc_ui_top_std/mem_intfc0/ddr_phy_top0/u_ddr_mc_phy_wrapper/u_ddr_mc_phy/ddr_phy_4lanes_0.u_ddr_phy_4lanes/ddr_byte_lane_C.ddr_byte_lane_C/phaser_out/OCLKDELAYED | u_mig_7series_0/u_mig_7series_0_mig/u_memc_ui_top_std/mem_intfc0/ddr_phy_top0/u_ddr_mc_phy_wrapper/u_ddr_mc_phy/ddr_phy_4lanes_0.u_ddr_phy_4lanes/ddr_byte_lane_C.ddr_byte_lane_C/oserdes_clk_delayed |
| 2        | PHASER_OUT_PHY/OCLKDELAYED | PHASER_OUT_PHY_X1Y3 | PHASER_OUT_PHY_X1Y3/PHASER_OUT_PHY | X1Y0         |           2 |               0 |        3.000 | oserdes_clk_3 | u_mig_7series_0/u_mig_7series_0_mig/u_memc_ui_top_std/mem_intfc0/ddr_phy_top0/u_ddr_mc_phy_wrapper/u_ddr_mc_phy/ddr_phy_4lanes_0.u_ddr_phy_4lanes/ddr_byte_lane_D.ddr_byte_lane_D/phaser_out/OCLKDELAYED | u_mig_7series_0/u_mig_7series_0_mig/u_memc_ui_top_std/mem_intfc0/ddr_phy_top0/u_ddr_mc_phy_wrapper/u_ddr_mc_phy/ddr_phy_4lanes_0.u_ddr_phy_4lanes/ddr_byte_lane_D.ddr_byte_lane_D/oserdes_clk_delayed |
| 3        | PLLE2_ADV/CLKOUT1          | PLLE2_ADV_X1Y0      | PLLE2_ADV_X1Y0/PLLE2_ADV           | X1Y0         |           1 |               6 |        3.000 | mem_refclk    | u_mig_7series_0/u_mig_7series_0_mig/u_ddr3_infrastructure/plle2_i/CLKOUT1                                                                                                                                | u_mig_7series_0/u_mig_7series_0_mig/u_ddr3_infrastructure/mem_refclk                                                                                                                                  |
+----------+----------------------------+---------------------+------------------------------------+--------------+-------------+-----------------+--------------+---------------+----------------------------------------------------------------------------------------------------------------------------------------------------------------------------------------------------------+-------------------------------------------------------------------------------------------------------------------------------------------------------------------------------------------------------+
* Local Clocks in this context represents only clocks driven by non-global buffers
** Clock Loads column represents cell count of net connects that connect to a clock pin. Internal cell leaf pins are not considered
*** Non-Clock Loads column represents cell count of non-clock pin loads


5. Clock Regions: Key Resource Utilization
------------------------------------------

+-------------------+--------------+--------------+--------------+--------------+--------------+--------------+--------------+--------------+--------------+--------------+--------------+--------------+--------------+--------------+--------------+
|                   | Global Clock |     BUFRs    |    BUFMRs    |    BUFIOs    |     MMCM     |      PLL     |      GT      |      PCI     |    ILOGIC    |    OLOGIC    |      FF      |     LUTM     |    RAMB18    |    RAMB36    |    DSP48E2   |
+-------------------+------+-------+------+-------+------+-------+------+-------+------+-------+------+-------+------+-------+------+-------+------+-------+------+-------+------+-------+------+-------+------+-------+------+-------+------+-------+
| Clock Region Name | Used | Avail | Used | Avail | Used | Avail | Used | Avail | Used | Avail | Used | Avail | Used | Avail | Used | Avail | Used | Avail | Used | Avail | Used | Avail | Used | Avail | Used | Avail | Used | Avail | Used | Avail |
+-------------------+------+-------+------+-------+------+-------+------+-------+------+-------+------+-------+------+-------+------+-------+------+-------+------+-------+------+-------+------+-------+------+-------+------+-------+------+-------+
| X0Y0              |    5 |    12 |    0 |     4 |    0 |     2 |    0 |     4 |    1 |     1 |    0 |     1 |    0 |     0 |    0 |     0 |    0 |    50 |    8 |    50 |   87 |  1200 |   23 |   400 |    0 |    20 |    0 |    10 |    0 |    20 |
| X1Y0              |    3 |    12 |    0 |     4 |    0 |     2 |    0 |     4 |    1 |     1 |    0 |     1 |    0 |     0 |    0 |     0 |    0 |    50 |    4 |    50 | 2270 |  1500 |  648 |   450 |    0 |    40 |    0 |    20 |    0 |    20 |
| X0Y1              |    2 |    12 |    0 |     4 |    0 |     2 |    0 |     4 |    0 |     1 |    0 |     1 |    0 |     0 |    0 |     0 |    0 |    50 |    0 |    50 |  174 |  1200 |   25 |   400 |    0 |    20 |    0 |    10 |    0 |    20 |
| X1Y1              |    1 |    12 |    0 |     4 |    0 |     2 |    0 |     4 |    0 |     1 |    0 |     1 |    0 |     0 |    0 |     0 |    0 |    50 |    0 |    50 |  279 |  1500 |   63 |   450 |    0 |    40 |    0 |    20 |    0 |    20 |
| X0Y2              |    0 |    12 |    0 |     4 |    0 |     2 |    0 |     4 |    0 |     1 |    0 |     1 |    0 |     0 |    0 |     0 |    0 |    50 |    0 |    50 |    0 |  1800 |    0 |   400 |    0 |    20 |    0 |    10 |    0 |    20 |
| X1Y2              |    0 |    12 |    0 |     0 |    0 |     0 |    0 |     0 |    0 |     0 |    0 |     0 |    0 |     4 |    0 |     1 |    0 |     0 |    0 |     0 |    0 |   950 |    0 |   300 |    0 |    10 |    0 |     5 |    0 |    20 |
+-------------------+------+-------+------+-------+------+-------+------+-------+------+-------+------+-------+------+-------+------+-------+------+-------+------+-------+------+-------+------+-------+------+-------+------+-------+------+-------+
* Global Clock column represents track count; while other columns represents cell counts


6. Clock Regions : Global Clock Summary
---------------------------------------

All Modules
+----+----+----+
|    | X0 | X1 |
+----+----+----+
| Y2 |  0 |  0 |
| Y1 |  2 |  1 |
| Y0 |  5 |  3 |
+----+----+----+


7. Device Cell Placement Summary for Global Clock g0
----------------------------------------------------

+-----------+-----------------+-------------------+-----------+-------------+---------------+-------------+----------+----------------+----------+---------------------------------------------------------------+
| Global Id | Driver Type/Pin | Driver Region (D) | Clock     | Period (ns) | Waveform (ns) | Slice Loads | IO Loads | Clocking Loads | GT Loads | Net                                                           |
+-----------+-----------------+-------------------+-----------+-------------+---------------+-------------+----------+----------------+----------+---------------------------------------------------------------+
| g0        | BUFG/O          | n/a               | clk_pll_i |       6.000 | {0.000 3.000} |        2713 |        0 |              1 |        0 | u_mig_7series_0/u_mig_7series_0_mig/u_ddr3_infrastructure/CLK |
+-----------+-----------------+-------------------+-----------+-------------+---------------+-------------+----------+----------------+----------+---------------------------------------------------------------+
* Slice Loads column represents load cell count of all cell types other than IO, GT and clock resources
** IO Loads column represents load cell count of IO types
*** Clocking Loads column represents load cell count that are clock resources (global clock buffer, MMCM, PLL, etc)
**** GT Loads column represents load cell count of GT types


+----+------+-------+-----------------------+
|    | X0   | X1    | HORIZONTAL PROG DELAY |
+----+------+-------+-----------------------+
| Y2 |    0 |     0 |                     - |
| Y1 |  129 |   279 |                     0 |
| Y0 |    9 |  2297 |                     0 |
+----+------+-------+-----------------------+


8. Device Cell Placement Summary for Global Clock g1
----------------------------------------------------

+-----------+-----------------+-------------------+-------------------+-------------+----------------+-------------+----------+----------------+----------+----------------------+
| Global Id | Driver Type/Pin | Driver Region (D) | Clock             | Period (ns) | Waveform (ns)  | Slice Loads | IO Loads | Clocking Loads | GT Loads | Net                  |
+-----------+-----------------+-------------------+-------------------+-------------+----------------+-------------+----------+----------------+----------+----------------------+
| g1        | BUFG/O          | n/a               | VGA_clk_clk_wiz_0 |      39.834 | {0.000 19.917} |          82 |        8 |              0 |        0 | clocker/inst/VGA_clk |
+-----------+-----------------+-------------------+-------------------+-------------+----------------+-------------+----------+----------------+----------+----------------------+
* Slice Loads column represents load cell count of all cell types other than IO, GT and clock resources
** IO Loads column represents load cell count of IO types
*** Clocking Loads column represents load cell count that are clock resources (global clock buffer, MMCM, PLL, etc)
**** GT Loads column represents load cell count of GT types


+----+-----+----+-----------------------+
|    | X0  | X1 | HORIZONTAL PROG DELAY |
+----+-----+----+-----------------------+
| Y2 |   0 |  0 |                     - |
| Y1 |   0 |  0 |                     - |
| Y0 |  90 |  0 |                     0 |
+----+-----+----+-----------------------+


9. Device Cell Placement Summary for Global Clock g2
----------------------------------------------------

+-----------+-----------------+-------------------+---------+-------------+---------------+-------------+----------+----------------+----------+--------------------+
| Global Id | Driver Type/Pin | Driver Region (D) | Clock   | Period (ns) | Waveform (ns) | Slice Loads | IO Loads | Clocking Loads | GT Loads | Net                |
+-----------+-----------------+-------------------+---------+-------------+---------------+-------------+----------+----------------+----------+--------------------+
| g2        | BUFG/O          | n/a               | clk_100 |      10.000 | {0.000 5.000} |          62 |        0 |              1 |        0 | CLK_100M_IBUF_BUFG |
+-----------+-----------------+-------------------+---------+-------------+---------------+-------------+----------+----------------+----------+--------------------+
* Slice Loads column represents load cell count of all cell types other than IO, GT and clock resources
** IO Loads column represents load cell count of IO types
*** Clocking Loads column represents load cell count that are clock resources (global clock buffer, MMCM, PLL, etc)
**** GT Loads column represents load cell count of GT types


+----+-----+-----+-----------------------+
|    | X0  | X1  | HORIZONTAL PROG DELAY |
+----+-----+-----+-----------------------+
| Y2 |   0 |   0 |                     - |
| Y1 |  46 |   0 |                     0 |
| Y0 |   1 |  16 |                     0 |
+----+-----+-----+-----------------------+


10. Device Cell Placement Summary for Global Clock g3
-----------------------------------------------------

+-----------+-----------------+-------------------+---------------------+-------------+---------------+-------------+----------+----------------+----------+------------------------+
| Global Id | Driver Type/Pin | Driver Region (D) | Clock               | Period (ns) | Waveform (ns) | Slice Loads | IO Loads | Clocking Loads | GT Loads | Net                    |
+-----------+-----------------+-------------------+---------------------+-------------+---------------+-------------+----------+----------------+----------+------------------------+
| g3        | BUFG/O          | n/a               | VGAx5_clk_clk_wiz_0 |       7.967 | {0.000 3.983} |           0 |        8 |              0 |        0 | clocker/inst/VGAx5_clk |
+-----------+-----------------+-------------------+---------------------+-------------+---------------+-------------+----------+----------------+----------+------------------------+
* Slice Loads column represents load cell count of all cell types other than IO, GT and clock resources
** IO Loads column represents load cell count of IO types
*** Clocking Loads column represents load cell count that are clock resources (global clock buffer, MMCM, PLL, etc)
**** GT Loads column represents load cell count of GT types


+----+----+----+-----------------------+
|    | X0 | X1 | HORIZONTAL PROG DELAY |
+----+----+----+-----------------------+
| Y2 |  0 |  0 |                     - |
| Y1 |  0 |  0 |                     - |
| Y0 |  8 |  0 |                     0 |
+----+----+----+-----------------------+


11. Device Cell Placement Summary for Global Clock g4
-----------------------------------------------------

+-----------+-----------------+-------------------+--------------------+-------------+----------------+-------------+----------+----------------+----------+-------------------------------------+
| Global Id | Driver Type/Pin | Driver Region (D) | Clock              | Period (ns) | Waveform (ns)  | Slice Loads | IO Loads | Clocking Loads | GT Loads | Net                                 |
+-----------+-----------------+-------------------+--------------------+-------------+----------------+-------------+----------+----------------+----------+-------------------------------------+
| g4        | BUFG/O          | n/a               | clkfbout_clk_wiz_0 |      30.000 | {0.000 15.000} |           0 |        0 |              1 |        0 | clocker/inst/clkfbout_buf_clk_wiz_0 |
+-----------+-----------------+-------------------+--------------------+-------------+----------------+-------------+----------+----------------+----------+-------------------------------------+
* Slice Loads column represents load cell count of all cell types other than IO, GT and clock resources
** IO Loads column represents load cell count of IO types
*** Clocking Loads column represents load cell count that are clock resources (global clock buffer, MMCM, PLL, etc)
**** GT Loads column represents load cell count of GT types


+----+----+----+-----------------------+
|    | X0 | X1 | HORIZONTAL PROG DELAY |
+----+----+----+-----------------------+
| Y2 |  0 |  0 |                     - |
| Y1 |  0 |  0 |                     - |
| Y0 |  1 |  0 |                     0 |
+----+----+----+-----------------------+


12. Device Cell Placement Summary for Global Clock g5
-----------------------------------------------------

+-----------+-----------------+-------------------+--------------+-------------+---------------+-------------+----------+----------------+----------+--------------------------------------------------------------------+
| Global Id | Driver Type/Pin | Driver Region (D) | Clock        | Period (ns) | Waveform (ns) | Slice Loads | IO Loads | Clocking Loads | GT Loads | Net                                                                |
+-----------+-----------------+-------------------+--------------+-------------+---------------+-------------+----------+----------------+----------+--------------------------------------------------------------------+
| g5        | BUFH/O          | X1Y0              | pll_clk3_out |       6.000 | {0.000 3.000} |           0 |        0 |              1 |        0 | u_mig_7series_0/u_mig_7series_0_mig/u_ddr3_infrastructure/pll_clk3 |
+-----------+-----------------+-------------------+--------------+-------------+---------------+-------------+----------+----------------+----------+--------------------------------------------------------------------+
* Slice Loads column represents load cell count of all cell types other than IO, GT and clock resources
** IO Loads column represents load cell count of IO types
*** Clocking Loads column represents load cell count that are clock resources (global clock buffer, MMCM, PLL, etc)
**** GT Loads column represents load cell count of GT types


+----+----+--------+-----------------------+
|    | X0 | X1     | HORIZONTAL PROG DELAY |
+----+----+--------+-----------------------+
| Y2 |  0 |      0 |                     - |
| Y1 |  0 |      0 |                     - |
| Y0 |  0 |  (D) 1 |                     0 |
+----+----+--------+-----------------------+


13. Clock Region Cell Placement per Global Clock: Region X0Y0
-------------------------------------------------------------

+-----------+-------+-----------------+------------+-------------+-----------------+----+-------------+------+-----+----+------+-----+---------+---------------------------------------------------------------+
| Global Id | Track | Driver Type/Pin | Constraint | Clock Loads | Non-Clock Loads | FF | Memory LUTs | RAMB | DSP | GT | MMCM | PLL | Hard IP | Net                                                           |
+-----------+-------+-----------------+------------+-------------+-----------------+----+-------------+------+-----+----+------+-----+---------+---------------------------------------------------------------+
| g0        | n/a   | BUFG/O          | None       |           9 |               0 |  9 |           0 |    0 |   0 |  0 |    0 |   0 |       0 | u_mig_7series_0/u_mig_7series_0_mig/u_ddr3_infrastructure/CLK |
| g1        | n/a   | BUFG/O          | None       |          90 |               0 | 78 |           4 |    0 |   0 |  0 |    0 |   0 |       0 | clocker/inst/VGA_clk                                          |
| g2        | n/a   | BUFG/O          | None       |           1 |               0 |  0 |           0 |    0 |   0 |  0 |    1 |   0 |       0 | CLK_100M_IBUF_BUFG                                            |
| g3        | n/a   | BUFG/O          | None       |           8 |               0 |  0 |           0 |    0 |   0 |  0 |    0 |   0 |       0 | clocker/inst/VGAx5_clk                                        |
| g4        | n/a   | BUFG/O          | None       |           1 |               0 |  0 |           0 |    0 |   0 |  0 |    1 |   0 |       0 | clocker/inst/clkfbout_buf_clk_wiz_0                           |
+-----------+-------+-----------------+------------+-------------+-----------------+----+-------------+------+-----+----+------+-----+---------+---------------------------------------------------------------+
* Clock Loads column represents cell count of net connects that connect to a clock pin. Internal cell leaf pins are not considered
** Non-Clock Loads column represents cell count of non-clock pin loads
*** Columns FF, LUTRAM, RAMB through 'Hard IP' represents load cell counts


14. Clock Region Cell Placement per Global Clock: Region X1Y0
-------------------------------------------------------------

+-----------+-------+-----------------+------------+-------------+-----------------+------+-------------+------+-----+----+------+-----+---------+--------------------------------------------------------------------+
| Global Id | Track | Driver Type/Pin | Constraint | Clock Loads | Non-Clock Loads | FF   | Memory LUTs | RAMB | DSP | GT | MMCM | PLL | Hard IP | Net                                                                |
+-----------+-------+-----------------+------------+-------------+-----------------+------+-------------+------+-----+----+------+-----+---------+--------------------------------------------------------------------+
| g0        | n/a   | BUFG/O          | None       |        2297 |               0 | 2255 |          12 |    0 |   0 |  0 |    1 |   0 |       0 | u_mig_7series_0/u_mig_7series_0_mig/u_ddr3_infrastructure/CLK      |
| g2        | n/a   | BUFG/O          | None       |          16 |               0 |   15 |           0 |    0 |   0 |  0 |    0 |   0 |       0 | CLK_100M_IBUF_BUFG                                                 |
| g5        | n/a   | BUFH/O          | None       |           1 |               0 |    0 |           0 |    0 |   0 |  0 |    1 |   0 |       0 | u_mig_7series_0/u_mig_7series_0_mig/u_ddr3_infrastructure/pll_clk3 |
+-----------+-------+-----------------+------------+-------------+-----------------+------+-------------+------+-----+----+------+-----+---------+--------------------------------------------------------------------+
* Clock Loads column represents cell count of net connects that connect to a clock pin. Internal cell leaf pins are not considered
** Non-Clock Loads column represents cell count of non-clock pin loads
*** Columns FF, LUTRAM, RAMB through 'Hard IP' represents load cell counts


15. Clock Region Cell Placement per Global Clock: Region X0Y1
-------------------------------------------------------------

+-----------+-------+-----------------+------------+-------------+-----------------+-----+-------------+------+-----+----+------+-----+---------+---------------------------------------------------------------+
| Global Id | Track | Driver Type/Pin | Constraint | Clock Loads | Non-Clock Loads | FF  | Memory LUTs | RAMB | DSP | GT | MMCM | PLL | Hard IP | Net                                                           |
+-----------+-------+-----------------+------------+-------------+-----------------+-----+-------------+------+-----+----+------+-----+---------+---------------------------------------------------------------+
| g0        | n/a   | BUFG/O          | None       |         129 |               0 | 129 |           0 |    0 |   0 |  0 |    0 |   0 |       0 | u_mig_7series_0/u_mig_7series_0_mig/u_ddr3_infrastructure/CLK |
| g2        | n/a   | BUFG/O          | None       |          46 |               0 |  45 |           0 |    0 |   0 |  0 |    0 |   0 |       0 | CLK_100M_IBUF_BUFG                                            |
+-----------+-------+-----------------+------------+-------------+-----------------+-----+-------------+------+-----+----+------+-----+---------+---------------------------------------------------------------+
* Clock Loads column represents cell count of net connects that connect to a clock pin. Internal cell leaf pins are not considered
** Non-Clock Loads column represents cell count of non-clock pin loads
*** Columns FF, LUTRAM, RAMB through 'Hard IP' represents load cell counts


16. Clock Region Cell Placement per Global Clock: Region X1Y1
-------------------------------------------------------------

+-----------+-------+-----------------+------------+-------------+-----------------+-----+-------------+------+-----+----+------+-----+---------+---------------------------------------------------------------+
| Global Id | Track | Driver Type/Pin | Constraint | Clock Loads | Non-Clock Loads | FF  | Memory LUTs | RAMB | DSP | GT | MMCM | PLL | Hard IP | Net                                                           |
+-----------+-------+-----------------+------------+-------------+-----------------+-----+-------------+------+-----+----+------+-----+---------+---------------------------------------------------------------+
| g0        | n/a   | BUFG/O          | None       |         279 |               0 | 279 |           0 |    0 |   0 |  0 |    0 |   0 |       0 | u_mig_7series_0/u_mig_7series_0_mig/u_ddr3_infrastructure/CLK |
+-----------+-------+-----------------+------------+-------------+-----------------+-----+-------------+------+-----+----+------+-----+---------+---------------------------------------------------------------+
* Clock Loads column represents cell count of net connects that connect to a clock pin. Internal cell leaf pins are not considered
** Non-Clock Loads column represents cell count of non-clock pin loads
*** Columns FF, LUTRAM, RAMB through 'Hard IP' represents load cell counts



# Location of BUFG Primitives 
set_property LOC BUFGCTRL_X0Y0 [get_cells u_mig_7series_0/u_mig_7series_0_mig/u_ddr3_infrastructure/u_bufg_clkdiv0]
set_property LOC BUFGCTRL_X0Y4 [get_cells clocker/inst/clkf_buf]
set_property LOC BUFGCTRL_X0Y3 [get_cells clocker/inst/clkout3_buf]
set_property LOC BUFGCTRL_X0Y1 [get_cells clocker/inst/clkout2_buf]
set_property LOC BUFGCTRL_X0Y2 [get_cells CLK_100M_IBUF_BUFG_inst]

# Location of BUFH Primitives 
set_property LOC BUFHCE_X1Y0 [get_cells u_mig_7series_0/u_mig_7series_0_mig/u_ddr3_infrastructure/u_bufh_pll_clk3]

# Location of IO Primitives which is load of clock spine

# Location of clock ports
set_property LOC IOB_X0Y26 [get_ports CLK_100M]
set_property LOC IOB_X1Y75 [get_ports sys_clk_n]
set_property LOC IOB_X1Y76 [get_ports sys_clk_p]

# Clock net "u_mig_7series_0/u_mig_7series_0_mig/u_ddr3_infrastructure/CLK" driven by instance "u_mig_7series_0/u_mig_7series_0_mig/u_ddr3_infrastructure/u_bufg_clkdiv0" located at site "BUFGCTRL_X0Y0"
#startgroup
create_pblock {CLKAG_u_mig_7series_0/u_mig_7series_0_mig/u_ddr3_infrastructure/CLK}
add_cells_to_pblock [get_pblocks  {CLKAG_u_mig_7series_0/u_mig_7series_0_mig/u_ddr3_infrastructure/CLK}] [get_cells -filter { PRIMITIVE_GROUP != I/O && IS_PRIMITIVE==1 && PRIMITIVE_LEVEL !=INTERNAL && NAME!=u_mig_7series_0/u_mig_7series_0_mig/u_ddr3_infrastructure/gen_mmcm.mmcm_i} -of_object [get_pins -filter {DIRECTION==IN} -of_objects [get_nets -hierarchical -filter {PARENT=="u_mig_7series_0/u_mig_7series_0_mig/u_ddr3_infrastructure/CLK"}]]]
resize_pblock [get_pblocks {CLKAG_u_mig_7series_0/u_mig_7series_0_mig/u_ddr3_infrastructure/CLK}] -add {CLOCKREGION_X0Y0:CLOCKREGION_X0Y0 CLOCKREGION_X0Y1:CLOCKREGION_X0Y1 CLOCKREGION_X1Y0:CLOCKREGION_X1Y0 CLOCKREGION_X1Y1:CLOCKREGION_X1Y1}
#endgroup

# Clock net "clocker/inst/VGAx5_clk" driven by instance "clocker/inst/clkout3_buf" located at site "BUFGCTRL_X0Y3"
#startgroup
create_pblock {CLKAG_clocker/inst/VGAx5_clk}
add_cells_to_pblock [get_pblocks  {CLKAG_clocker/inst/VGAx5_clk}] [get_cells -filter { PRIMITIVE_GROUP != I/O && IS_PRIMITIVE==1 && PRIMITIVE_LEVEL !=INTERNAL } -of_object [get_pins -filter {DIRECTION==IN} -of_objects [get_nets -hierarchical -filter {PARENT=="clocker/inst/VGAx5_clk"}]]]
resize_pblock [get_pblocks {CLKAG_clocker/inst/VGAx5_clk}] -add {CLOCKREGION_X0Y0:CLOCKREGION_X0Y0}
#endgroup

# Clock net "clocker/inst/VGA_clk" driven by instance "clocker/inst/clkout2_buf" located at site "BUFGCTRL_X0Y1"
#startgroup
create_pblock {CLKAG_clocker/inst/VGA_clk}
add_cells_to_pblock [get_pblocks  {CLKAG_clocker/inst/VGA_clk}] [get_cells -filter { PRIMITIVE_GROUP != I/O && IS_PRIMITIVE==1 && PRIMITIVE_LEVEL !=INTERNAL } -of_object [get_pins -filter {DIRECTION==IN} -of_objects [get_nets -hierarchical -filter {PARENT=="clocker/inst/VGA_clk"}]]]
resize_pblock [get_pblocks {CLKAG_clocker/inst/VGA_clk}] -add {CLOCKREGION_X0Y0:CLOCKREGION_X0Y0}
#endgroup

# Clock net "CLK_100M_IBUF_BUFG" driven by instance "CLK_100M_IBUF_BUFG_inst" located at site "BUFGCTRL_X0Y2"
#startgroup
create_pblock {CLKAG_CLK_100M_IBUF_BUFG}
add_cells_to_pblock [get_pblocks  {CLKAG_CLK_100M_IBUF_BUFG}] [get_cells -filter { PRIMITIVE_GROUP != I/O && IS_PRIMITIVE==1 && PRIMITIVE_LEVEL !=INTERNAL && NAME!=clocker/inst/mmcm_adv_inst} -of_object [get_pins -filter {DIRECTION==IN} -of_objects [get_nets -hierarchical -filter {PARENT=="CLK_100M_IBUF_BUFG"}]]]
resize_pblock [get_pblocks {CLKAG_CLK_100M_IBUF_BUFG}] -add {CLOCKREGION_X0Y1:CLOCKREGION_X0Y1 CLOCKREGION_X1Y0:CLOCKREGION_X1Y0}
#endgroup
